# JRE version: OpenJDK Runtime Environment (21.0.1+12) (build 21.0.1+12-29)
# Java VM: OpenJDK 64-Bit Server VM (21.0.1+12-29, mixed mode, sharing, tiered, compressed oops, compressed class ptrs, g1 gc, windows-amd64)
GC Precious Log:
 CardTable entry size: 512
 Card Set container configuration: InlinePtr #cards 5 size 8 Array Of Cards #cards 12 size 40 Howl #buckets 4 coarsen threshold 1843 Howl Bitmap #cards 512 size 80 coarsen threshold 460 Card regions per heap region 1 cards per card region 2048
 CPUs: 8 total, 8 available
 Memory: 3429M
 Large Page Support: Disabled
 NUMA Support: Disabled
 Compressed Oops: Enabled (32-bit)
 Heap Region Size: 1M
 Heap Min Capacity: 8M
 Heap Initial Capacity: 54M
 Heap Max Capacity: 858M
 Pre-touch: Disabled
 Parallel Workers: 8
 Concurrent Workers: 2
 Concurrent Refinement Workers: 8
 Periodic GC: Disabled
Heap:
 garbage-first heap   total 55296K, used 35354K [0x00000000ca600000, 0x0000000100000000)
  region size 1024K, 10 young (10240K), 3 survivors (3072K)
 Metaspace       used 66777K, committed 67520K, reserved 1114112K
  class space    used 8982K, committed 9344K, reserved 1048576K
GC Heap History (20 events):
Event: 3.551 GC heap before
{Heap before GC invocations=4 (full 0):
 garbage-first heap   total 55296K, used 14882K [0x00000000ca600000, 0x0000000100000000)
  region size 1024K, 4 young (4096K), 3 survivors (3072K)
 Metaspace       used 21181K, committed 21504K, reserved 1114112K
  class space    used 2555K, committed 2752K, reserved 1048576K
}
Event: 3.555 GC heap after
{Heap after GC invocations=5 (full 0):
 garbage-first heap   total 55296K, used 15331K [0x00000000ca600000, 0x0000000100000000)
  region size 1024K, 1 young (1024K), 1 survivors (1024K)
 Metaspace       used 21181K, committed 21504K, reserved 1114112K
  class space    used 2555K, committed 2752K, reserved 1048576K
}
Event: 4.552 GC heap before
{Heap before GC invocations=6 (full 0):
 garbage-first heap   total 55296K, used 40931K [0x00000000ca600000, 0x0000000100000000)
  region size 1024K, 27 young (27648K), 1 survivors (1024K)
 Metaspace       used 25807K, committed 26176K, reserved 1114112K
  class space    used 3238K, committed 3392K, reserved 1048576K
}
Event: 4.559 GC heap after
{Heap after GC invocations=7 (full 0):
 garbage-first heap   total 55296K, used 17834K [0x00000000ca600000, 0x0000000100000000)
  region size 1024K, 3 young (3072K), 3 survivors (3072K)
 Metaspace       used 25807K, committed 26176K, reserved 1114112K
  class space    used 3238K, committed 3392K, reserved 1048576K
}
Event: 5.627 GC heap before
{Heap before GC invocations=7 (full 0):
 garbage-first heap   total 55296K, used 43434K [0x00000000ca600000, 0x0000000100000000)
  region size 1024K, 29 young (29696K), 3 survivors (3072K)
 Metaspace       used 31441K, committed 31872K, reserved 1114112K
  class space    used 3960K, committed 4160K, reserved 1048576K
}
Event: 5.633 GC heap after
{Heap after GC invocations=8 (full 0):
 garbage-first heap   total 55296K, used 19509K [0x00000000ca600000, 0x0000000100000000)
  region size 1024K, 3 young (3072K), 3 survivors (3072K)
 Metaspace       used 31441K, committed 31872K, reserved 1114112K
  class space    used 3960K, committed 4160K, reserved 1048576K
}
Event: 6.069 GC heap before
{Heap before GC invocations=8 (full 0):
 garbage-first heap   total 55296K, used 32821K [0x00000000ca600000, 0x0000000100000000)
  region size 1024K, 18 young (18432K), 3 survivors (3072K)
 Metaspace       used 35534K, committed 35968K, reserved 1114112K
  class space    used 4625K, committed 4800K, reserved 1048576K
}
Event: 6.072 GC heap after
{Heap after GC invocations=9 (full 0):
 garbage-first heap   total 55296K, used 20320K [0x00000000ca600000, 0x0000000100000000)
  region size 1024K, 3 young (3072K), 3 survivors (3072K)
 Metaspace       used 35534K, committed 35968K, reserved 1114112K
  class space    used 4625K, committed 4800K, reserved 1048576K
}
Event: 6.845 GC heap before
{Heap before GC invocations=10 (full 0):
 garbage-first heap   total 55296K, used 45920K [0x00000000ca600000, 0x0000000100000000)
  region size 1024K, 29 young (29696K), 3 survivors (3072K)
 Metaspace       used 43713K, committed 44224K, reserved 1114112K
  class space    used 5704K, committed 5952K, reserved 1048576K
}
Event: 6.851 GC heap after
{Heap after GC invocations=11 (full 0):
 garbage-first heap   total 55296K, used 22200K [0x00000000ca600000, 0x0000000100000000)
  region size 1024K, 3 young (3072K), 3 survivors (3072K)
 Metaspace       used 43713K, committed 44224K, reserved 1114112K
  class space    used 5704K, committed 5952K, reserved 1048576K
}
Event: 7.494 GC heap before
{Heap before GC invocations=11 (full 0):
 garbage-first heap   total 55296K, used 46776K [0x00000000ca600000, 0x0000000100000000)
  region size 1024K, 28 young (28672K), 3 survivors (3072K)
 Metaspace       used 51929K, committed 52480K, reserved 1114112K
  class space    used 6921K, committed 7168K, reserved 1048576K
}
Event: 7.499 GC heap after
{Heap after GC invocations=12 (full 0):
 garbage-first heap   total 55296K, used 23461K [0x00000000ca600000, 0x0000000100000000)
  region size 1024K, 4 young (4096K), 4 survivors (4096K)
 Metaspace       used 51929K, committed 52480K, reserved 1114112K
  class space    used 6921K, committed 7168K, reserved 1048576K
}
Event: 7.986 GC heap before
{Heap before GC invocations=12 (full 0):
 garbage-first heap   total 55296K, used 44965K [0x00000000ca600000, 0x0000000100000000)
  region size 1024K, 26 young (26624K), 4 survivors (4096K)
 Metaspace       used 58103K, committed 58688K, reserved 1114112K
  class space    used 7775K, committed 8064K, reserved 1048576K
}
Event: 7.990 GC heap after
{Heap after GC invocations=13 (full 0):
 garbage-first heap   total 55296K, used 24606K [0x00000000ca600000, 0x0000000100000000)
  region size 1024K, 3 young (3072K), 3 survivors (3072K)
 Metaspace       used 58103K, committed 58688K, reserved 1114112K
  class space    used 7775K, committed 8064K, reserved 1048576K
}
Event: 8.170 GC heap before
{Heap before GC invocations=13 (full 0):
 garbage-first heap   total 55296K, used 29726K [0x00000000ca600000, 0x0000000100000000)
  region size 1024K, 10 young (10240K), 3 survivors (3072K)
 Metaspace       used 59639K, committed 60160K, reserved 1114112K
  class space    used 7948K, committed 8192K, reserved 1048576K
}
Event: 8.174 GC heap after
{Heap after GC invocations=14 (full 0):
 garbage-first heap   total 55296K, used 25313K [0x00000000ca600000, 0x0000000100000000)
  region size 1024K, 3 young (3072K), 3 survivors (3072K)
 Metaspace       used 59639K, committed 60160K, reserved 1114112K
  class space    used 7948K, committed 8192K, reserved 1048576K
}
Event: 8.708 GC heap before
{Heap before GC invocations=15 (full 0):
 garbage-first heap   total 55296K, used 46817K [0x00000000ca600000, 0x0000000100000000)
  region size 1024K, 24 young (24576K), 3 survivors (3072K)
 Metaspace       used 62192K, committed 62848K, reserved 1114112K
  class space    used 8388K, committed 8640K, reserved 1048576K
}
Event: 8.714 GC heap after
{Heap after GC invocations=16 (full 0):
 garbage-first heap   total 55296K, used 27418K [0x00000000ca600000, 0x0000000100000000)
  region size 1024K, 3 young (3072K), 3 survivors (3072K)
 Metaspace       used 62192K, committed 62848K, reserved 1114112K
  class space    used 8388K, committed 8640K, reserved 1048576K
}
Event: 9.294 GC heap before
{Heap before GC invocations=16 (full 0):
 garbage-first heap   total 55296K, used 46874K [0x00000000ca600000, 0x0000000100000000)
  region size 1024K, 22 young (22528K), 3 survivors (3072K)
 Metaspace       used 64866K, committed 65600K, reserved 1114112K
  class space    used 8749K, committed 9088K, reserved 1048576K
}
Event: 9.300 GC heap after
{Heap after GC invocations=17 (full 0):
 garbage-first heap   total 55296K, used 29210K [0x00000000ca600000, 0x0000000100000000)
  region size 1024K, 3 young (3072K), 3 survivors (3072K)
 Metaspace       used 64866K, committed 65600K, reserved 1114112K
  class space    used 8749K, committed 9088K, reserved 1048576K
}

